<?xml version="1.0" encoding="UTF-8"?>
<!-- Generated by org.testng.reporters.JUnitReportReporter -->
<testsuite hostname="Vivekanand" failures="0" tests="1" name="com.test.TC_login" time="10.717" errors="0" timestamp="2022-12-25T18:13:40 IST" skipped="0">
  <testcase classname="com.test.TC_login" name="login_Test" time="10.717"/>
  <system-out/>
</testsuite> <!-- com.test.TC_login -->
