<?xml version="1.0" encoding="UTF-8"?>
<!-- Generated by org.testng.reporters.JUnitReportReporter -->
<testsuite hostname="Vivekanand" failures="0" tests="1" name="com.test.TC_login" time="14.278" errors="0" timestamp="2022-12-25T18:54:49 IST" skipped="0">
  <testcase classname="com.test.TC_login" name="login_Test" time="14.278"/>
  <system-out/>
</testsuite> <!-- com.test.TC_login -->
