<?xml version="1.0" encoding="UTF-8"?>
<!-- Generated by org.testng.reporters.JUnitReportReporter -->
<testsuite hostname="Vivekanand" failures="0" tests="1" name="com.test.TC_login" time="14.321" errors="0" timestamp="2022-12-26T10:14:32 IST" skipped="0">
  <testcase classname="com.test.TC_login" name="login_Test" time="14.321"/>
  <system-out/>
</testsuite> <!-- com.test.TC_login -->
