<?xml version="1.0" encoding="UTF-8"?>
<!-- Generated by org.testng.reporters.JUnitReportReporter -->
<testsuite hostname="Vivekanand" failures="0" tests="2" name="com.test.AppTest" time="0.016" errors="0" timestamp="2022-12-26T10:14:32 IST" skipped="0">
  <testcase classname="com.test.AppTest" name="testlogin2" time="0.001"/>
  <system-out/>
  <testcase classname="com.test.AppTest" name="testlogin1" time="0.015"/>
  <system-out/>
</testsuite> <!-- com.test.AppTest -->
